<?xml version="1.0" encoding="UTF-8"?>
<testng-results ignored="0" total="1" passed="1" failed="0" skipped="0">
  <reporter-output>
  </reporter-output>
  <suite started-at="2021-09-16T11:49:46 BDT" name="Default suite" finished-at="2021-09-16T11:49:57 BDT" duration-ms="10923">
    <groups>
    </groups>
    <test started-at="2021-09-16T11:49:46 BDT" name="Default test" finished-at="2021-09-16T11:49:57 BDT" duration-ms="10923">
      <class name="scrolling.Scrolling">
        <test-method is-config="true" signature="setDriver()[pri:0, instance:scrolling.Scrolling@49c7b90e]" started-at="2021-09-16T11:49:42 BDT" name="setDriver" finished-at="2021-09-16T11:49:46 BDT" duration-ms="3995" status="PASS">
          <reporter-output>
          </reporter-output>
        </test-method> <!-- setDriver -->
        <test-method signature="scrolling()[pri:0, instance:scrolling.Scrolling@49c7b90e]" started-at="2021-09-16T11:49:46 BDT" name="scrolling" finished-at="2021-09-16T11:49:57 BDT" duration-ms="10888" status="PASS">
          <reporter-output>
          </reporter-output>
        </test-method> <!-- scrolling -->
        <test-method is-config="true" signature="close()[pri:0, instance:scrolling.Scrolling@49c7b90e]" started-at="2021-09-16T11:49:57 BDT" name="close" finished-at="2021-09-16T11:49:57 BDT" duration-ms="93" status="PASS">
          <reporter-output>
          </reporter-output>
        </test-method> <!-- close -->
      </class> <!-- scrolling.Scrolling -->
    </test> <!-- Default test -->
  </suite> <!-- Default suite -->
</testng-results>
